{
  "RSpec": {
    "coverage": {
      "/home/taskcraft/Desktop/chat2/spec/channels/chat_channel_spec.rb": {
        "lines": [
          1,
          null,
          1,
          5,
          5,
          1,
          1,
          4,
          4,
          null,
          null,
          1,
          1,
          1,
          1,
          null,
          null,
          1,
          1,
          1,
          null,
          null,
          1,
          3,
          null,
          1,
          2,
          null,
          null,
          1,
          2,
          null,
          null,
          null
        ]
      },
      "/home/taskcraft/Desktop/chat2/spec/rails_helper.rb": {
        "lines": [
          null,
          1,
          1,
          1,
          null,
          1,
          1,
          null,
          1,
          1,
          null,
          null,
          null,
          null,
          null,
          null,
          null,
          null,
          null,
          null,
          null,
          null,
          null,
          null,
          null,
          null,
          null,
          null,
          null,
          null,
          1,
          null,
          0,
          0,
          null,
          1,
          null,
          1,
          null,
          null,
          null,
          null,
          1,
          null,
          null,
          null,
          null,
          null,
          null,
          null,
          null,
          null,
          null,
          null,
          null,
          null,
          null,
          null,
          null,
          null,
          1,
          null,
          null,
          1,
          null,
          null,
          null
        ]
      },
      "/home/taskcraft/Desktop/chat2/config/environment.rb": {
        "lines": [
          null,
          1,
          null,
          null,
          1
        ]
      },
      "/home/taskcraft/Desktop/chat2/config/application.rb": {
        "lines": [
          1,
          null,
          1,
          1,
          null,
          null,
          1,
          null,
          1,
          1,
          null,
          1,
          1,
          1,
          null,
          null,
          null,
          null,
          null,
          null
        ]
      },
      "/home/taskcraft/Desktop/chat2/config/boot.rb": {
        "lines": [
          1,
          null,
          1,
          1
        ]
      },
      "/home/taskcraft/Desktop/chat2/config/environments/test.rb": {
        "lines": [
          null,
          null,
          null,
          null,
          null,
          1,
          null,
          null,
          1,
          1,
          null,
          null,
          null,
          null,
          1,
          null,
          null,
          1,
          1,
          null,
          null,
          null,
          null,
          1,
          1,
          1,
          null,
          null,
          1,
          null,
          null,
          1,
          null,
          null,
          1,
          null,
          1,
          null,
          null,
          null,
          null,
          1,
          null,
          null,
          1,
          null,
          null,
          null,
          null
        ]
      },
      "/home/taskcraft/Desktop/chat2/config/initializers/application_controller_renderer.rb": {
        "lines": [
          null,
          null,
          null,
          null,
          null,
          null,
          null,
          null
        ]
      },
      "/home/taskcraft/Desktop/chat2/config/initializers/assets.rb": {
        "lines": [
          null,
          null,
          null,
          1,
          null,
          null,
          null,
          null,
          1,
          null,
          null,
          null,
          null,
          null
        ]
      },
      "/home/taskcraft/Desktop/chat2/config/initializers/backtrace_silencers.rb": {
        "lines": [
          null,
          null,
          null,
          null,
          null,
          null,
          null
        ]
      },
      "/home/taskcraft/Desktop/chat2/config/initializers/content_security_policy.rb": {
        "lines": [
          null,
          null,
          null,
          null,
          null,
          null,
          null,
          null,
          null,
          null,
          null,
          null,
          null,
          null,
          null,
          null,
          null,
          null,
          null,
          null,
          null,
          null,
          null,
          null,
          null,
          null,
          null,
          null,
          null,
          null
        ]
      },
      "/home/taskcraft/Desktop/chat2/config/initializers/cookies_serializer.rb": {
        "lines": [
          null,
          null,
          null,
          null,
          1
        ]
      },
      "/home/taskcraft/Desktop/chat2/config/initializers/cors.rb": {
        "lines": [
          1,
          1,
          1,
          1,
          null,
          null,
          null,
          null,
          null
        ]
      },
      "/home/taskcraft/Desktop/chat2/config/initializers/filter_parameter_logging.rb": {
        "lines": [
          null,
          null,
          null,
          1
        ]
      },
      "/home/taskcraft/Desktop/chat2/config/initializers/inflections.rb": {
        "lines": [
          null,
          null,
          null,
          null,
          null,
          null,
          null,
          null,
          null,
          null,
          null,
          null,
          null,
          null,
          null,
          null
        ]
      },
      "/home/taskcraft/Desktop/chat2/config/initializers/mime_types.rb": {
        "lines": [
          null,
          null,
          null,
          null
        ]
      },
      "/home/taskcraft/Desktop/chat2/config/initializers/wrap_parameters.rb": {
        "lines": [
          null,
          null,
          null,
          null,
          null,
          null,
          1,
          2,
          null,
          null,
          null,
          null,
          null,
          null
        ]
      },
      "/home/taskcraft/Desktop/chat2/spec/factories/chat.rb": {
        "lines": [
          1,
          1,
          5,
          null,
          null
        ]
      },
      "/home/taskcraft/Desktop/chat2/spec/factories/messages.rb": {
        "lines": [
          null,
          null,
          1,
          1,
          1,
          1,
          1,
          null,
          null
        ]
      },
      "/home/taskcraft/Desktop/chat2/spec/factories/user.rb": {
        "lines": [
          1,
          1,
          5,
          5,
          null,
          null
        ]
      },
      "/home/taskcraft/Desktop/chat2/config/routes.rb": {
        "lines": [
          1,
          null,
          1,
          1,
          1,
          1,
          null
        ]
      },
      "/home/taskcraft/Desktop/chat2/app/helpers/application_helper.rb": {
        "lines": [
          1,
          null
        ]
      },
      "/home/taskcraft/Desktop/chat2/app/helpers/chats_helper.rb": {
        "lines": [
          1,
          null
        ]
      },
      "/home/taskcraft/Desktop/chat2/app/helpers/messages_helper.rb": {
        "lines": [
          1,
          null
        ]
      },
      "/home/taskcraft/Desktop/chat2/app/helpers/users_helper.rb": {
        "lines": [
          1,
          null
        ]
      },
      "/home/taskcraft/Desktop/chat2/app/channels/chat_channel.rb": {
        "lines": [
          1,
          1,
          4,
          null,
          null,
          1,
          1,
          null,
          null,
          null,
          1,
          2,
          2,
          2,
          null,
          null,
          null,
          null,
          null,
          null,
          null,
          null,
          null,
          null
        ]
      },
      "/home/taskcraft/Desktop/chat2/app/channels/application_cable/channel.rb": {
        "lines": [
          1,
          1,
          null,
          null,
          null
        ]
      },
      "/home/taskcraft/Desktop/chat2/app/models/user.rb": {
        "lines": [
          1,
          1,
          null
        ]
      },
      "/home/taskcraft/Desktop/chat2/app/models/application_record.rb": {
        "lines": [
          1,
          1,
          null
        ]
      },
      "/home/taskcraft/Desktop/chat2/app/models/chat.rb": {
        "lines": [
          1,
          1,
          null
        ]
      },
      "/home/taskcraft/Desktop/chat2/app/models/message.rb": {
        "lines": [
          1,
          1,
          1,
          null,
          null,
          null,
          null,
          null,
          null,
          null,
          null,
          null
        ]
      }
    },
    "timestamp": 1708683691
  }
}
